Number of Paths: 28
Number of Removed Paths: 36
Number of Samples: 6
Path 1:
	Path Condition: UNIFORM_0 < 1/2 ∧ UNIFORM_1 < 4/5 ∧ ¬(UNIFORM_2 < 1/10) ∧ ¬(UNIFORM_3 < 7/10) ∧ UNIFORM_4 < 9/10 ∧ UNIFORM_5 < 9/10
	Observations: true
	Sigma: σ(cloudy) = 1, σ(rain) = 1, σ(sprinkler) = 0, σ(temp1) = 0, σ(temp2) = 1, σ(temp3) = 1, σ(wetGrass) = true, σ(wetRoof) = false
	Forced termination: No
Path 2:
	Path Condition: ¬(UNIFORM_0 < 1/2) ∧ UNIFORM_1 < 1/5 ∧ ¬(UNIFORM_2 < 1/2) ∧ ¬(UNIFORM_3 < 7/10) ∧ UNIFORM_4 < 9/10 ∧ UNIFORM_5 < 9/10
	Observations: true
	Sigma: σ(cloudy) = 0, σ(rain) = 1, σ(sprinkler) = 0, σ(temp1) = 0, σ(temp2) = 1, σ(temp3) = 1, σ(wetGrass) = true, σ(wetRoof) = false
	Forced termination: No
Path 3:
	Path Condition: ¬(UNIFORM_0 < 1/2) ∧ ¬(UNIFORM_1 < 1/5) ∧ UNIFORM_2 < 1/2 ∧ UNIFORM_3 < 7/10 ∧ UNIFORM_4 < 9/10 ∧ UNIFORM_5 < 9/10
	Observations: true
	Sigma: σ(cloudy) = 0, σ(rain) = 0, σ(sprinkler) = 1, σ(temp1) = 1, σ(temp2) = 1, σ(temp3) = 1, σ(wetGrass) = true, σ(wetRoof) = false
	Forced termination: No
Path 4:
	Path Condition: ¬(UNIFORM_0 < 1/2) ∧ ¬(UNIFORM_1 < 1/5) ∧ UNIFORM_2 < 1/2 ∧ ¬(UNIFORM_3 < 7/10) ∧ ¬(UNIFORM_4 < 9/10) ∧ UNIFORM_5 < 9/10
	Observations: true
	Sigma: σ(cloudy) = 0, σ(rain) = 0, σ(sprinkler) = 1, σ(temp1) = 0, σ(temp2) = 0, σ(temp3) = 1, σ(wetGrass) = true, σ(wetRoof) = false
	Forced termination: No
Path 5:
	Path Condition: ¬(UNIFORM_0 < 1/2) ∧ UNIFORM_1 < 1/5 ∧ UNIFORM_2 < 1/2 ∧ UNIFORM_3 < 7/10 ∧ UNIFORM_4 < 9/10 ∧ UNIFORM_5 < 9/10
	Observations: true
	Sigma: σ(cloudy) = 0, σ(rain) = 1, σ(sprinkler) = 1, σ(temp1) = 1, σ(temp2) = 1, σ(temp3) = 1, σ(wetGrass) = true, σ(wetRoof) = true
	Forced termination: No
Path 6:
	Path Condition: UNIFORM_0 < 1/2 ∧ UNIFORM_1 < 4/5 ∧ ¬(UNIFORM_2 < 1/10) ∧ UNIFORM_3 < 7/10 ∧ UNIFORM_4 < 9/10 ∧ UNIFORM_5 < 9/10
	Observations: true
	Sigma: σ(cloudy) = 1, σ(rain) = 1, σ(sprinkler) = 0, σ(temp1) = 1, σ(temp2) = 1, σ(temp3) = 1, σ(wetGrass) = true, σ(wetRoof) = true
	Forced termination: No
Path 7:
	Path Condition: UNIFORM_0 < 1/2 ∧ UNIFORM_1 < 4/5 ∧ UNIFORM_2 < 1/10 ∧ ¬(UNIFORM_3 < 7/10) ∧ UNIFORM_4 < 9/10 ∧ ¬(UNIFORM_5 < 9/10)
	Observations: true
	Sigma: σ(cloudy) = 1, σ(rain) = 1, σ(sprinkler) = 1, σ(temp1) = 0, σ(temp2) = 1, σ(temp3) = 0, σ(wetGrass) = true, σ(wetRoof) = false
	Forced termination: No
Path 8:
	Path Condition: UNIFORM_0 < 1/2 ∧ ¬(UNIFORM_1 < 4/5) ∧ UNIFORM_2 < 1/10 ∧ ¬(UNIFORM_3 < 7/10) ∧ ¬(UNIFORM_4 < 9/10) ∧ UNIFORM_5 < 9/10
	Observations: true
	Sigma: σ(cloudy) = 1, σ(rain) = 0, σ(sprinkler) = 1, σ(temp1) = 0, σ(temp2) = 0, σ(temp3) = 1, σ(wetGrass) = true, σ(wetRoof) = false
	Forced termination: No
Path 9:
	Path Condition: UNIFORM_0 < 1/2 ∧ UNIFORM_1 < 4/5 ∧ ¬(UNIFORM_2 < 1/10) ∧ UNIFORM_3 < 7/10 ∧ UNIFORM_4 < 9/10 ∧ ¬(UNIFORM_5 < 9/10)
	Observations: true
	Sigma: σ(cloudy) = 1, σ(rain) = 1, σ(sprinkler) = 0, σ(temp1) = 1, σ(temp2) = 1, σ(temp3) = 0, σ(wetGrass) = true, σ(wetRoof) = true
	Forced termination: No
Path 10:
	Path Condition: UNIFORM_0 < 1/2 ∧ UNIFORM_1 < 4/5 ∧ UNIFORM_2 < 1/10 ∧ UNIFORM_3 < 7/10 ∧ ¬(UNIFORM_4 < 9/10) ∧ UNIFORM_5 < 9/10
	Observations: true
	Sigma: σ(cloudy) = 1, σ(rain) = 1, σ(sprinkler) = 1, σ(temp1) = 1, σ(temp2) = 0, σ(temp3) = 1, σ(wetGrass) = true, σ(wetRoof) = true
	Forced termination: No
Path 11:
	Path Condition: UNIFORM_0 < 1/2 ∧ UNIFORM_1 < 4/5 ∧ UNIFORM_2 < 1/10 ∧ ¬(UNIFORM_3 < 7/10) ∧ UNIFORM_4 < 9/10 ∧ UNIFORM_5 < 9/10
	Observations: true
	Sigma: σ(cloudy) = 1, σ(rain) = 1, σ(sprinkler) = 1, σ(temp1) = 0, σ(temp2) = 1, σ(temp3) = 1, σ(wetGrass) = true, σ(wetRoof) = false
	Forced termination: No
Path 12:
	Path Condition: UNIFORM_0 < 1/2 ∧ ¬(UNIFORM_1 < 4/5) ∧ UNIFORM_2 < 1/10 ∧ ¬(UNIFORM_3 < 7/10) ∧ UNIFORM_4 < 9/10 ∧ UNIFORM_5 < 9/10
	Observations: true
	Sigma: σ(cloudy) = 1, σ(rain) = 0, σ(sprinkler) = 1, σ(temp1) = 0, σ(temp2) = 1, σ(temp3) = 1, σ(wetGrass) = true, σ(wetRoof) = false
	Forced termination: No
Path 13:
	Path Condition: UNIFORM_0 < 1/2 ∧ UNIFORM_1 < 4/5 ∧ UNIFORM_2 < 1/10 ∧ ¬(UNIFORM_3 < 7/10) ∧ ¬(UNIFORM_4 < 9/10) ∧ UNIFORM_5 < 9/10
	Observations: true
	Sigma: σ(cloudy) = 1, σ(rain) = 1, σ(sprinkler) = 1, σ(temp1) = 0, σ(temp2) = 0, σ(temp3) = 1, σ(wetGrass) = true, σ(wetRoof) = false
	Forced termination: No
Path 14:
	Path Condition: ¬(UNIFORM_0 < 1/2) ∧ UNIFORM_1 < 1/5 ∧ UNIFORM_2 < 1/2 ∧ UNIFORM_3 < 7/10 ∧ ¬(UNIFORM_4 < 9/10) ∧ UNIFORM_5 < 9/10
	Observations: true
	Sigma: σ(cloudy) = 0, σ(rain) = 1, σ(sprinkler) = 1, σ(temp1) = 1, σ(temp2) = 0, σ(temp3) = 1, σ(wetGrass) = true, σ(wetRoof) = true
	Forced termination: No
Path 15:
	Path Condition: UNIFORM_0 < 1/2 ∧ ¬(UNIFORM_1 < 4/5) ∧ UNIFORM_2 < 1/10 ∧ UNIFORM_3 < 7/10 ∧ ¬(UNIFORM_4 < 9/10) ∧ UNIFORM_5 < 9/10
	Observations: true
	Sigma: σ(cloudy) = 1, σ(rain) = 0, σ(sprinkler) = 1, σ(temp1) = 1, σ(temp2) = 0, σ(temp3) = 1, σ(wetGrass) = true, σ(wetRoof) = false
	Forced termination: No
Path 16:
	Path Condition: ¬(UNIFORM_0 < 1/2) ∧ UNIFORM_1 < 1/5 ∧ UNIFORM_2 < 1/2 ∧ UNIFORM_3 < 7/10 ∧ UNIFORM_4 < 9/10 ∧ ¬(UNIFORM_5 < 9/10)
	Observations: true
	Sigma: σ(cloudy) = 0, σ(rain) = 1, σ(sprinkler) = 1, σ(temp1) = 1, σ(temp2) = 1, σ(temp3) = 0, σ(wetGrass) = true, σ(wetRoof) = true
	Forced termination: No
Path 17:
	Path Condition: ¬(UNIFORM_0 < 1/2) ∧ UNIFORM_1 < 1/5 ∧ UNIFORM_2 < 1/2 ∧ ¬(UNIFORM_3 < 7/10) ∧ UNIFORM_4 < 9/10 ∧ UNIFORM_5 < 9/10
	Observations: true
	Sigma: σ(cloudy) = 0, σ(rain) = 1, σ(sprinkler) = 1, σ(temp1) = 0, σ(temp2) = 1, σ(temp3) = 1, σ(wetGrass) = true, σ(wetRoof) = false
	Forced termination: No
Path 18:
	Path Condition: UNIFORM_0 < 1/2 ∧ UNIFORM_1 < 4/5 ∧ UNIFORM_2 < 1/10 ∧ UNIFORM_3 < 7/10 ∧ UNIFORM_4 < 9/10 ∧ ¬(UNIFORM_5 < 9/10)
	Observations: true
	Sigma: σ(cloudy) = 1, σ(rain) = 1, σ(sprinkler) = 1, σ(temp1) = 1, σ(temp2) = 1, σ(temp3) = 0, σ(wetGrass) = true, σ(wetRoof) = true
	Forced termination: No
Path 19:
	Path Condition: ¬(UNIFORM_0 < 1/2) ∧ UNIFORM_1 < 1/5 ∧ UNIFORM_2 < 1/2 ∧ ¬(UNIFORM_3 < 7/10) ∧ ¬(UNIFORM_4 < 9/10) ∧ UNIFORM_5 < 9/10
	Observations: true
	Sigma: σ(cloudy) = 0, σ(rain) = 1, σ(sprinkler) = 1, σ(temp1) = 0, σ(temp2) = 0, σ(temp3) = 1, σ(wetGrass) = true, σ(wetRoof) = false
	Forced termination: No
Path 20:
	Path Condition: ¬(UNIFORM_0 < 1/2) ∧ UNIFORM_1 < 1/5 ∧ ¬(UNIFORM_2 < 1/2) ∧ ¬(UNIFORM_3 < 7/10) ∧ UNIFORM_4 < 9/10 ∧ ¬(UNIFORM_5 < 9/10)
	Observations: true
	Sigma: σ(cloudy) = 0, σ(rain) = 1, σ(sprinkler) = 0, σ(temp1) = 0, σ(temp2) = 1, σ(temp3) = 0, σ(wetGrass) = true, σ(wetRoof) = false
	Forced termination: No
Path 21:
	Path Condition: ¬(UNIFORM_0 < 1/2) ∧ ¬(UNIFORM_1 < 1/5) ∧ UNIFORM_2 < 1/2 ∧ UNIFORM_3 < 7/10 ∧ ¬(UNIFORM_4 < 9/10) ∧ UNIFORM_5 < 9/10
	Observations: true
	Sigma: σ(cloudy) = 0, σ(rain) = 0, σ(sprinkler) = 1, σ(temp1) = 1, σ(temp2) = 0, σ(temp3) = 1, σ(wetGrass) = true, σ(wetRoof) = false
	Forced termination: No
Path 22:
	Path Condition: ¬(UNIFORM_0 < 1/2) ∧ UNIFORM_1 < 1/5 ∧ ¬(UNIFORM_2 < 1/2) ∧ UNIFORM_3 < 7/10 ∧ UNIFORM_4 < 9/10 ∧ UNIFORM_5 < 9/10
	Observations: true
	Sigma: σ(cloudy) = 0, σ(rain) = 1, σ(sprinkler) = 0, σ(temp1) = 1, σ(temp2) = 1, σ(temp3) = 1, σ(wetGrass) = true, σ(wetRoof) = true
	Forced termination: No
Path 23:
	Path Condition: ¬(UNIFORM_0 < 1/2) ∧ ¬(UNIFORM_1 < 1/5) ∧ UNIFORM_2 < 1/2 ∧ ¬(UNIFORM_3 < 7/10) ∧ UNIFORM_4 < 9/10 ∧ UNIFORM_5 < 9/10
	Observations: true
	Sigma: σ(cloudy) = 0, σ(rain) = 0, σ(sprinkler) = 1, σ(temp1) = 0, σ(temp2) = 1, σ(temp3) = 1, σ(wetGrass) = true, σ(wetRoof) = false
	Forced termination: No
Path 24:
	Path Condition: UNIFORM_0 < 1/2 ∧ UNIFORM_1 < 4/5 ∧ UNIFORM_2 < 1/10 ∧ UNIFORM_3 < 7/10 ∧ UNIFORM_4 < 9/10 ∧ UNIFORM_5 < 9/10
	Observations: true
	Sigma: σ(cloudy) = 1, σ(rain) = 1, σ(sprinkler) = 1, σ(temp1) = 1, σ(temp2) = 1, σ(temp3) = 1, σ(wetGrass) = true, σ(wetRoof) = true
	Forced termination: No
Path 25:
	Path Condition: UNIFORM_0 < 1/2 ∧ ¬(UNIFORM_1 < 4/5) ∧ UNIFORM_2 < 1/10 ∧ UNIFORM_3 < 7/10 ∧ UNIFORM_4 < 9/10 ∧ UNIFORM_5 < 9/10
	Observations: true
	Sigma: σ(cloudy) = 1, σ(rain) = 0, σ(sprinkler) = 1, σ(temp1) = 1, σ(temp2) = 1, σ(temp3) = 1, σ(wetGrass) = true, σ(wetRoof) = false
	Forced termination: No
Path 26:
	Path Condition: UNIFORM_0 < 1/2 ∧ UNIFORM_1 < 4/5 ∧ ¬(UNIFORM_2 < 1/10) ∧ ¬(UNIFORM_3 < 7/10) ∧ UNIFORM_4 < 9/10 ∧ ¬(UNIFORM_5 < 9/10)
	Observations: true
	Sigma: σ(cloudy) = 1, σ(rain) = 1, σ(sprinkler) = 0, σ(temp1) = 0, σ(temp2) = 1, σ(temp3) = 0, σ(wetGrass) = true, σ(wetRoof) = false
	Forced termination: No
Path 27:
	Path Condition: ¬(UNIFORM_0 < 1/2) ∧ UNIFORM_1 < 1/5 ∧ UNIFORM_2 < 1/2 ∧ ¬(UNIFORM_3 < 7/10) ∧ UNIFORM_4 < 9/10 ∧ ¬(UNIFORM_5 < 9/10)
	Observations: true
	Sigma: σ(cloudy) = 0, σ(rain) = 1, σ(sprinkler) = 1, σ(temp1) = 0, σ(temp2) = 1, σ(temp3) = 0, σ(wetGrass) = true, σ(wetRoof) = false
	Forced termination: No
Path 28:
	Path Condition: ¬(UNIFORM_0 < 1/2) ∧ UNIFORM_1 < 1/5 ∧ ¬(UNIFORM_2 < 1/2) ∧ UNIFORM_3 < 7/10 ∧ UNIFORM_4 < 9/10 ∧ ¬(UNIFORM_5 < 9/10)
	Observations: true
	Sigma: σ(cloudy) = 0, σ(rain) = 1, σ(sprinkler) = 0, σ(temp1) = 1, σ(temp2) = 1, σ(temp3) = 0, σ(wetGrass) = true, σ(wetRoof) = true
	Forced termination: No
Time: 0.80

