Number of Paths: 16
Number of Removed Paths: 0
Number of Samples: 4
Path 1:
	Path Condition: ¬(UNIFORM_0 < 1/2) ∧ UNIFORM_1 < 1/2 ∧ UNIFORM_2 < 1/2 ∧ ¬(UNIFORM_3 < 1/2)
	Observations: 
	Sigma: σ(u) = 0, σ(v) = 0, σ(x) = 1, σ(y) = 0
	Forced termination: No
Path 2:
	Path Condition: UNIFORM_0 < 1/2 ∧ ¬(UNIFORM_1 < 1/2) ∧ UNIFORM_2 < 1/2 ∧ UNIFORM_3 < 1/2 ∧ false
	Observations: 
	Sigma: σ(u) = 1, σ(v) = 1, σ(x) = 1, σ(y) = 1
	Forced termination: Yes
Path 3:
	Path Condition: UNIFORM_0 < 1/2 ∧ UNIFORM_1 < 1/2 ∧ UNIFORM_2 < 1/2 ∧ UNIFORM_3 < 1/2 ∧ false
	Observations: 
	Sigma: σ(u) = 0, σ(v) = 2, σ(x) = 1, σ(y) = 1
	Forced termination: Yes
Path 4:
	Path Condition: ¬(UNIFORM_0 < 1/2) ∧ ¬(UNIFORM_1 < 1/2) ∧ UNIFORM_2 < 1/2 ∧ UNIFORM_3 < 1/2
	Observations: 
	Sigma: σ(u) = 0, σ(v) = 0, σ(x) = 1, σ(y) = 1
	Forced termination: No
Path 5:
	Path Condition: ¬(UNIFORM_0 < 1/2) ∧ ¬(UNIFORM_1 < 1/2) ∧ ¬(UNIFORM_2 < 1/2) ∧ ¬(UNIFORM_3 < 1/2) ∧ false
	Observations: 
	Sigma: σ(u) = 0, σ(v) = -2, σ(x) = 0, σ(y) = 0
	Forced termination: Yes
Path 6:
	Path Condition: ¬(UNIFORM_0 < 1/2) ∧ UNIFORM_1 < 1/2 ∧ ¬(UNIFORM_2 < 1/2) ∧ UNIFORM_3 < 1/2 ∧ false
	Observations: 
	Sigma: σ(u) = -2, σ(v) = 0, σ(x) = 0, σ(y) = 1
	Forced termination: Yes
Path 7:
	Path Condition: ¬(UNIFORM_0 < 1/2) ∧ UNIFORM_1 < 1/2 ∧ ¬(UNIFORM_2 < 1/2) ∧ ¬(UNIFORM_3 < 1/2) ∧ false
	Observations: 
	Sigma: σ(u) = -1, σ(v) = -1, σ(x) = 0, σ(y) = 0
	Forced termination: Yes
Path 8:
	Path Condition: UNIFORM_0 < 1/2 ∧ UNIFORM_1 < 1/2 ∧ ¬(UNIFORM_2 < 1/2) ∧ ¬(UNIFORM_3 < 1/2)
	Observations: 
	Sigma: σ(u) = 0, σ(v) = 0, σ(x) = 0, σ(y) = 0
	Forced termination: No
Path 9:
	Path Condition: UNIFORM_0 < 1/2 ∧ UNIFORM_1 < 1/2 ∧ ¬(UNIFORM_2 < 1/2) ∧ UNIFORM_3 < 1/2 ∧ false
	Observations: 
	Sigma: σ(u) = -1, σ(v) = 1, σ(x) = 0, σ(y) = 1
	Forced termination: Yes
Path 10:
	Path Condition: UNIFORM_0 < 1/2 ∧ ¬(UNIFORM_1 < 1/2) ∧ ¬(UNIFORM_2 < 1/2) ∧ ¬(UNIFORM_3 < 1/2) ∧ false
	Observations: 
	Sigma: σ(u) = 1, σ(v) = -1, σ(x) = 0, σ(y) = 0
	Forced termination: Yes
Path 11:
	Path Condition: UNIFORM_0 < 1/2 ∧ ¬(UNIFORM_1 < 1/2) ∧ ¬(UNIFORM_2 < 1/2) ∧ UNIFORM_3 < 1/2
	Observations: 
	Sigma: σ(u) = 0, σ(v) = 0, σ(x) = 0, σ(y) = 1
	Forced termination: No
Path 12:
	Path Condition: ¬(UNIFORM_0 < 1/2) ∧ ¬(UNIFORM_1 < 1/2) ∧ ¬(UNIFORM_2 < 1/2) ∧ UNIFORM_3 < 1/2 ∧ false
	Observations: 
	Sigma: σ(u) = -1, σ(v) = -1, σ(x) = 0, σ(y) = 1
	Forced termination: Yes
Path 13:
	Path Condition: ¬(UNIFORM_0 < 1/2) ∧ UNIFORM_1 < 1/2 ∧ UNIFORM_2 < 1/2 ∧ UNIFORM_3 < 1/2 ∧ false
	Observations: 
	Sigma: σ(u) = -1, σ(v) = 1, σ(x) = 1, σ(y) = 1
	Forced termination: Yes
Path 14:
	Path Condition: ¬(UNIFORM_0 < 1/2) ∧ ¬(UNIFORM_1 < 1/2) ∧ UNIFORM_2 < 1/2 ∧ ¬(UNIFORM_3 < 1/2) ∧ false
	Observations: 
	Sigma: σ(u) = 1, σ(v) = -1, σ(x) = 1, σ(y) = 0
	Forced termination: Yes
Path 15:
	Path Condition: UNIFORM_0 < 1/2 ∧ UNIFORM_1 < 1/2 ∧ UNIFORM_2 < 1/2 ∧ ¬(UNIFORM_3 < 1/2) ∧ false
	Observations: 
	Sigma: σ(u) = 1, σ(v) = 1, σ(x) = 1, σ(y) = 0
	Forced termination: Yes
Path 16:
	Path Condition: UNIFORM_0 < 1/2 ∧ ¬(UNIFORM_1 < 1/2) ∧ UNIFORM_2 < 1/2 ∧ ¬(UNIFORM_3 < 1/2) ∧ false
	Observations: 
	Sigma: σ(u) = 2, σ(v) = 0, σ(x) = 1, σ(y) = 0
	Forced termination: Yes
Time: 0.19

