Number of Paths: 52
Number of Removed Paths: 0
Number of Samples: 6
Path 1:
	Path Condition: UNIFORM_0 < 1/2 ∧ ¬(UNIFORM_1 < 1/2) ∧ UNIFORM_2 < 1/2 ∧ ¬(UNIFORM_3 < 1/2) ∧ ¬(UNIFORM_4 < 1/2) ∧ UNIFORM_5 < 1/2 ∧ false
	Observations: 
	Sigma: σ(u) = 1, σ(v) = 0, σ(x) = 0, σ(y) = 1
	Forced termination: Yes
Path 2:
	Path Condition: UNIFORM_0 < 1/2 ∧ ¬(UNIFORM_1 < 1/2) ∧ ¬(UNIFORM_2 < 1/2) ∧ UNIFORM_3 < 1/2
	Observations: 
	Sigma: σ(u) = 0, σ(v) = 0, σ(x) = 0, σ(y) = 1
	Forced termination: No
Path 3:
	Path Condition: UNIFORM_0 < 1/2 ∧ ¬(UNIFORM_1 < 1/2) ∧ UNIFORM_2 < 1/2 ∧ UNIFORM_3 < 1/2 ∧ ¬(UNIFORM_4 < 1/2) ∧ UNIFORM_5 < 1/2 ∧ false
	Observations: 
	Sigma: σ(u) = 0, σ(v) = 1, σ(x) = 0, σ(y) = 1
	Forced termination: Yes
Path 4:
	Path Condition: ¬(UNIFORM_0 < 1/2) ∧ UNIFORM_1 < 1/2 ∧ ¬(UNIFORM_2 < 1/2) ∧ UNIFORM_3 < 1/2 ∧ ¬(UNIFORM_4 < 1/2) ∧ ¬(UNIFORM_5 < 1/2) ∧ false
	Observations: 
	Sigma: σ(u) = -2, σ(v) = -1, σ(x) = 0, σ(y) = 0
	Forced termination: Yes
Path 5:
	Path Condition: ¬(UNIFORM_0 < 1/2) ∧ UNIFORM_1 < 1/2 ∧ ¬(UNIFORM_2 < 1/2) ∧ ¬(UNIFORM_3 < 1/2) ∧ ¬(UNIFORM_4 < 1/2) ∧ UNIFORM_5 < 1/2 ∧ false
	Observations: 
	Sigma: σ(u) = -2, σ(v) = -1, σ(x) = 0, σ(y) = 1
	Forced termination: Yes
Path 6:
	Path Condition: ¬(UNIFORM_0 < 1/2) ∧ ¬(UNIFORM_1 < 1/2) ∧ UNIFORM_2 < 1/2 ∧ ¬(UNIFORM_3 < 1/2) ∧ UNIFORM_4 < 1/2 ∧ UNIFORM_5 < 1/2 ∧ false
	Observations: 
	Sigma: σ(u) = 1, σ(v) = 0, σ(x) = 1, σ(y) = 1
	Forced termination: Yes
Path 7:
	Path Condition: UNIFORM_0 < 1/2 ∧ ¬(UNIFORM_1 < 1/2) ∧ UNIFORM_2 < 1/2 ∧ ¬(UNIFORM_3 < 1/2) ∧ UNIFORM_4 < 1/2 ∧ UNIFORM_5 < 1/2 ∧ false
	Observations: 
	Sigma: σ(u) = 2, σ(v) = 1, σ(x) = 1, σ(y) = 1
	Forced termination: Yes
Path 8:
	Path Condition: ¬(UNIFORM_0 < 1/2) ∧ ¬(UNIFORM_1 < 1/2) ∧ ¬(UNIFORM_2 < 1/2) ∧ UNIFORM_3 < 1/2 ∧ UNIFORM_4 < 1/2 ∧ UNIFORM_5 < 1/2 ∧ false
	Observations: 
	Sigma: σ(u) = -1, σ(v) = 0, σ(x) = 1, σ(y) = 1
	Forced termination: Yes
Path 9:
	Path Condition: ¬(UNIFORM_0 < 1/2) ∧ UNIFORM_1 < 1/2 ∧ ¬(UNIFORM_2 < 1/2) ∧ UNIFORM_3 < 1/2 ∧ UNIFORM_4 < 1/2 ∧ ¬(UNIFORM_5 < 1/2) ∧ false
	Observations: 
	Sigma: σ(u) = -1, σ(v) = 0, σ(x) = 1, σ(y) = 0
	Forced termination: Yes
Path 10:
	Path Condition: UNIFORM_0 < 1/2 ∧ UNIFORM_1 < 1/2 ∧ UNIFORM_2 < 1/2 ∧ UNIFORM_3 < 1/2 ∧ UNIFORM_4 < 1/2 ∧ UNIFORM_5 < 1/2 ∧ false
	Observations: 
	Sigma: σ(u) = 0, σ(v) = 3, σ(x) = 1, σ(y) = 1
	Forced termination: Yes
Path 11:
	Path Condition: UNIFORM_0 < 1/2 ∧ ¬(UNIFORM_1 < 1/2) ∧ UNIFORM_2 < 1/2 ∧ UNIFORM_3 < 1/2 ∧ UNIFORM_4 < 1/2 ∧ UNIFORM_5 < 1/2 ∧ false
	Observations: 
	Sigma: σ(u) = 1, σ(v) = 2, σ(x) = 1, σ(y) = 1
	Forced termination: Yes
Path 12:
	Path Condition: UNIFORM_0 < 1/2 ∧ UNIFORM_1 < 1/2 ∧ ¬(UNIFORM_2 < 1/2) ∧ UNIFORM_3 < 1/2 ∧ UNIFORM_4 < 1/2 ∧ ¬(UNIFORM_5 < 1/2) ∧ false
	Observations: 
	Sigma: σ(u) = 0, σ(v) = 1, σ(x) = 1, σ(y) = 0
	Forced termination: Yes
Path 13:
	Path Condition: ¬(UNIFORM_0 < 1/2) ∧ UNIFORM_1 < 1/2 ∧ UNIFORM_2 < 1/2 ∧ UNIFORM_3 < 1/2 ∧ UNIFORM_4 < 1/2 ∧ UNIFORM_5 < 1/2 ∧ false
	Observations: 
	Sigma: σ(u) = -1, σ(v) = 2, σ(x) = 1, σ(y) = 1
	Forced termination: Yes
Path 14:
	Path Condition: ¬(UNIFORM_0 < 1/2) ∧ UNIFORM_1 < 1/2 ∧ UNIFORM_2 < 1/2 ∧ UNIFORM_3 < 1/2 ∧ UNIFORM_4 < 1/2 ∧ ¬(UNIFORM_5 < 1/2) ∧ false
	Observations: 
	Sigma: σ(u) = 0, σ(v) = 1, σ(x) = 1, σ(y) = 0
	Forced termination: Yes
Path 15:
	Path Condition: ¬(UNIFORM_0 < 1/2) ∧ ¬(UNIFORM_1 < 1/2) ∧ UNIFORM_2 < 1/2 ∧ UNIFORM_3 < 1/2
	Observations: 
	Sigma: σ(u) = 0, σ(v) = 0, σ(x) = 1, σ(y) = 1
	Forced termination: No
Path 16:
	Path Condition: UNIFORM_0 < 1/2 ∧ UNIFORM_1 < 1/2 ∧ UNIFORM_2 < 1/2 ∧ UNIFORM_3 < 1/2 ∧ ¬(UNIFORM_4 < 1/2) ∧ ¬(UNIFORM_5 < 1/2) ∧ false
	Observations: 
	Sigma: σ(u) = 0, σ(v) = 1, σ(x) = 0, σ(y) = 0
	Forced termination: Yes
Path 17:
	Path Condition: UNIFORM_0 < 1/2 ∧ UNIFORM_1 < 1/2 ∧ UNIFORM_2 < 1/2 ∧ ¬(UNIFORM_3 < 1/2) ∧ UNIFORM_4 < 1/2 ∧ ¬(UNIFORM_5 < 1/2) ∧ false
	Observations: 
	Sigma: σ(u) = 2, σ(v) = 1, σ(x) = 1, σ(y) = 0
	Forced termination: Yes
Path 18:
	Path Condition: UNIFORM_0 < 1/2 ∧ UNIFORM_1 < 1/2 ∧ ¬(UNIFORM_2 < 1/2) ∧ UNIFORM_3 < 1/2 ∧ UNIFORM_4 < 1/2 ∧ UNIFORM_5 < 1/2 ∧ false
	Observations: 
	Sigma: σ(u) = -1, σ(v) = 2, σ(x) = 1, σ(y) = 1
	Forced termination: Yes
Path 19:
	Path Condition: ¬(UNIFORM_0 < 1/2) ∧ UNIFORM_1 < 1/2 ∧ UNIFORM_2 < 1/2 ∧ UNIFORM_3 < 1/2 ∧ ¬(UNIFORM_4 < 1/2) ∧ UNIFORM_5 < 1/2 ∧ false
	Observations: 
	Sigma: σ(u) = -2, σ(v) = 1, σ(x) = 0, σ(y) = 1
	Forced termination: Yes
Path 20:
	Path Condition: ¬(UNIFORM_0 < 1/2) ∧ UNIFORM_1 < 1/2 ∧ ¬(UNIFORM_2 < 1/2) ∧ UNIFORM_3 < 1/2 ∧ UNIFORM_4 < 1/2 ∧ UNIFORM_5 < 1/2 ∧ false
	Observations: 
	Sigma: σ(u) = -2, σ(v) = 1, σ(x) = 1, σ(y) = 1
	Forced termination: Yes
Path 21:
	Path Condition: ¬(UNIFORM_0 < 1/2) ∧ UNIFORM_1 < 1/2 ∧ ¬(UNIFORM_2 < 1/2) ∧ ¬(UNIFORM_3 < 1/2) ∧ ¬(UNIFORM_4 < 1/2) ∧ ¬(UNIFORM_5 < 1/2) ∧ false
	Observations: 
	Sigma: σ(u) = -1, σ(v) = -2, σ(x) = 0, σ(y) = 0
	Forced termination: Yes
Path 22:
	Path Condition: ¬(UNIFORM_0 < 1/2) ∧ ¬(UNIFORM_1 < 1/2) ∧ ¬(UNIFORM_2 < 1/2) ∧ UNIFORM_3 < 1/2 ∧ ¬(UNIFORM_4 < 1/2) ∧ ¬(UNIFORM_5 < 1/2) ∧ false
	Observations: 
	Sigma: σ(u) = -1, σ(v) = -2, σ(x) = 0, σ(y) = 0
	Forced termination: Yes
Path 23:
	Path Condition: UNIFORM_0 < 1/2 ∧ UNIFORM_1 < 1/2 ∧ ¬(UNIFORM_2 < 1/2) ∧ UNIFORM_3 < 1/2 ∧ ¬(UNIFORM_4 < 1/2) ∧ UNIFORM_5 < 1/2 ∧ false
	Observations: 
	Sigma: σ(u) = -2, σ(v) = 1, σ(x) = 0, σ(y) = 1
	Forced termination: Yes
Path 24:
	Path Condition: ¬(UNIFORM_0 < 1/2) ∧ ¬(UNIFORM_1 < 1/2) ∧ UNIFORM_2 < 1/2 ∧ ¬(UNIFORM_3 < 1/2) ∧ ¬(UNIFORM_4 < 1/2) ∧ ¬(UNIFORM_5 < 1/2) ∧ false
	Observations: 
	Sigma: σ(u) = 1, σ(v) = -2, σ(x) = 0, σ(y) = 0
	Forced termination: Yes
Path 25:
	Path Condition: ¬(UNIFORM_0 < 1/2) ∧ ¬(UNIFORM_1 < 1/2) ∧ ¬(UNIFORM_2 < 1/2) ∧ ¬(UNIFORM_3 < 1/2) ∧ UNIFORM_4 < 1/2 ∧ UNIFORM_5 < 1/2 ∧ false
	Observations: 
	Sigma: σ(u) = 0, σ(v) = -1, σ(x) = 1, σ(y) = 1
	Forced termination: Yes
Path 26:
	Path Condition: ¬(UNIFORM_0 < 1/2) ∧ ¬(UNIFORM_1 < 1/2) ∧ ¬(UNIFORM_2 < 1/2) ∧ ¬(UNIFORM_3 < 1/2) ∧ ¬(UNIFORM_4 < 1/2) ∧ UNIFORM_5 < 1/2 ∧ false
	Observations: 
	Sigma: σ(u) = -1, σ(v) = -2, σ(x) = 0, σ(y) = 1
	Forced termination: Yes
Path 27:
	Path Condition: UNIFORM_0 < 1/2 ∧ ¬(UNIFORM_1 < 1/2) ∧ UNIFORM_2 < 1/2 ∧ ¬(UNIFORM_3 < 1/2) ∧ UNIFORM_4 < 1/2 ∧ ¬(UNIFORM_5 < 1/2) ∧ false
	Observations: 
	Sigma: σ(u) = 3, σ(v) = 0, σ(x) = 1, σ(y) = 0
	Forced termination: Yes
Path 28:
	Path Condition: ¬(UNIFORM_0 < 1/2) ∧ ¬(UNIFORM_1 < 1/2) ∧ ¬(UNIFORM_2 < 1/2) ∧ UNIFORM_3 < 1/2 ∧ ¬(UNIFORM_4 < 1/2) ∧ UNIFORM_5 < 1/2 ∧ false
	Observations: 
	Sigma: σ(u) = -2, σ(v) = -1, σ(x) = 0, σ(y) = 1
	Forced termination: Yes
Path 29:
	Path Condition: UNIFORM_0 < 1/2 ∧ ¬(UNIFORM_1 < 1/2) ∧ ¬(UNIFORM_2 < 1/2) ∧ ¬(UNIFORM_3 < 1/2) ∧ ¬(UNIFORM_4 < 1/2) ∧ UNIFORM_5 < 1/2 ∧ false
	Observations: 
	Sigma: σ(u) = 0, σ(v) = -1, σ(x) = 0, σ(y) = 1
	Forced termination: Yes
Path 30:
	Path Condition: ¬(UNIFORM_0 < 1/2) ∧ UNIFORM_1 < 1/2 ∧ UNIFORM_2 < 1/2 ∧ ¬(UNIFORM_3 < 1/2)
	Observations: 
	Sigma: σ(u) = 0, σ(v) = 0, σ(x) = 1, σ(y) = 0
	Forced termination: No
Path 31:
	Path Condition: UNIFORM_0 < 1/2 ∧ UNIFORM_1 < 1/2 ∧ UNIFORM_2 < 1/2 ∧ UNIFORM_3 < 1/2 ∧ ¬(UNIFORM_4 < 1/2) ∧ UNIFORM_5 < 1/2 ∧ false
	Observations: 
	Sigma: σ(u) = -1, σ(v) = 2, σ(x) = 0, σ(y) = 1
	Forced termination: Yes
Path 32:
	Path Condition: UNIFORM_0 < 1/2 ∧ UNIFORM_1 < 1/2 ∧ ¬(UNIFORM_2 < 1/2) ∧ ¬(UNIFORM_3 < 1/2)
	Observations: 
	Sigma: σ(u) = 0, σ(v) = 0, σ(x) = 0, σ(y) = 0
	Forced termination: No
Path 33:
	Path Condition: ¬(UNIFORM_0 < 1/2) ∧ UNIFORM_1 < 1/2 ∧ ¬(UNIFORM_2 < 1/2) ∧ ¬(UNIFORM_3 < 1/2) ∧ UNIFORM_4 < 1/2 ∧ ¬(UNIFORM_5 < 1/2) ∧ false
	Observations: 
	Sigma: σ(u) = 0, σ(v) = -1, σ(x) = 1, σ(y) = 0
	Forced termination: Yes
Path 34:
	Path Condition: UNIFORM_0 < 1/2 ∧ UNIFORM_1 < 1/2 ∧ UNIFORM_2 < 1/2 ∧ ¬(UNIFORM_3 < 1/2) ∧ UNIFORM_4 < 1/2 ∧ UNIFORM_5 < 1/2 ∧ false
	Observations: 
	Sigma: σ(u) = 1, σ(v) = 2, σ(x) = 1, σ(y) = 1
	Forced termination: Yes
Path 35:
	Path Condition: UNIFORM_0 < 1/2 ∧ UNIFORM_1 < 1/2 ∧ UNIFORM_2 < 1/2 ∧ ¬(UNIFORM_3 < 1/2) ∧ ¬(UNIFORM_4 < 1/2) ∧ UNIFORM_5 < 1/2 ∧ false
	Observations: 
	Sigma: σ(u) = 0, σ(v) = 1, σ(x) = 0, σ(y) = 1
	Forced termination: Yes
Path 36:
	Path Condition: ¬(UNIFORM_0 < 1/2) ∧ ¬(UNIFORM_1 < 1/2) ∧ UNIFORM_2 < 1/2 ∧ ¬(UNIFORM_3 < 1/2) ∧ UNIFORM_4 < 1/2 ∧ ¬(UNIFORM_5 < 1/2) ∧ false
	Observations: 
	Sigma: σ(u) = 2, σ(v) = -1, σ(x) = 1, σ(y) = 0
	Forced termination: Yes
Path 37:
	Path Condition: UNIFORM_0 < 1/2 ∧ ¬(UNIFORM_1 < 1/2) ∧ ¬(UNIFORM_2 < 1/2) ∧ ¬(UNIFORM_3 < 1/2) ∧ ¬(UNIFORM_4 < 1/2) ∧ ¬(UNIFORM_5 < 1/2) ∧ false
	Observations: 
	Sigma: σ(u) = 1, σ(v) = -2, σ(x) = 0, σ(y) = 0
	Forced termination: Yes
Path 38:
	Path Condition: UNIFORM_0 < 1/2 ∧ ¬(UNIFORM_1 < 1/2) ∧ UNIFORM_2 < 1/2 ∧ UNIFORM_3 < 1/2 ∧ UNIFORM_4 < 1/2 ∧ ¬(UNIFORM_5 < 1/2) ∧ false
	Observations: 
	Sigma: σ(u) = 2, σ(v) = 1, σ(x) = 1, σ(y) = 0
	Forced termination: Yes
Path 39:
	Path Condition: UNIFORM_0 < 1/2 ∧ ¬(UNIFORM_1 < 1/2) ∧ ¬(UNIFORM_2 < 1/2) ∧ ¬(UNIFORM_3 < 1/2) ∧ UNIFORM_4 < 1/2 ∧ ¬(UNIFORM_5 < 1/2) ∧ false
	Observations: 
	Sigma: σ(u) = 2, σ(v) = -1, σ(x) = 1, σ(y) = 0
	Forced termination: Yes
Path 40:
	Path Condition: ¬(UNIFORM_0 < 1/2) ∧ ¬(UNIFORM_1 < 1/2) ∧ ¬(UNIFORM_2 < 1/2) ∧ ¬(UNIFORM_3 < 1/2) ∧ UNIFORM_4 < 1/2 ∧ ¬(UNIFORM_5 < 1/2) ∧ false
	Observations: 
	Sigma: σ(u) = 1, σ(v) = -2, σ(x) = 1, σ(y) = 0
	Forced termination: Yes
Path 41:
	Path Condition: ¬(UNIFORM_0 < 1/2) ∧ UNIFORM_1 < 1/2 ∧ ¬(UNIFORM_2 < 1/2) ∧ ¬(UNIFORM_3 < 1/2) ∧ UNIFORM_4 < 1/2 ∧ UNIFORM_5 < 1/2 ∧ false
	Observations: 
	Sigma: σ(u) = -1, σ(v) = 0, σ(x) = 1, σ(y) = 1
	Forced termination: Yes
Path 42:
	Path Condition: UNIFORM_0 < 1/2 ∧ ¬(UNIFORM_1 < 1/2) ∧ ¬(UNIFORM_2 < 1/2) ∧ ¬(UNIFORM_3 < 1/2) ∧ UNIFORM_4 < 1/2 ∧ UNIFORM_5 < 1/2 ∧ false
	Observations: 
	Sigma: σ(u) = 1, σ(v) = 0, σ(x) = 1, σ(y) = 1
	Forced termination: Yes
Path 43:
	Path Condition: ¬(UNIFORM_0 < 1/2) ∧ UNIFORM_1 < 1/2 ∧ ¬(UNIFORM_2 < 1/2) ∧ UNIFORM_3 < 1/2 ∧ ¬(UNIFORM_4 < 1/2) ∧ UNIFORM_5 < 1/2 ∧ false
	Observations: 
	Sigma: σ(u) = -3, σ(v) = 0, σ(x) = 0, σ(y) = 1
	Forced termination: Yes
Path 44:
	Path Condition: UNIFORM_0 < 1/2 ∧ UNIFORM_1 < 1/2 ∧ UNIFORM_2 < 1/2 ∧ ¬(UNIFORM_3 < 1/2) ∧ ¬(UNIFORM_4 < 1/2) ∧ ¬(UNIFORM_5 < 1/2) ∧ false
	Observations: 
	Sigma: σ(u) = 1, σ(v) = 0, σ(x) = 0, σ(y) = 0
	Forced termination: Yes
Path 45:
	Path Condition: ¬(UNIFORM_0 < 1/2) ∧ UNIFORM_1 < 1/2 ∧ UNIFORM_2 < 1/2 ∧ UNIFORM_3 < 1/2 ∧ ¬(UNIFORM_4 < 1/2) ∧ ¬(UNIFORM_5 < 1/2) ∧ false
	Observations: 
	Sigma: σ(u) = -1, σ(v) = 0, σ(x) = 0, σ(y) = 0
	Forced termination: Yes
Path 46:
	Path Condition: ¬(UNIFORM_0 < 1/2) ∧ ¬(UNIFORM_1 < 1/2) ∧ UNIFORM_2 < 1/2 ∧ ¬(UNIFORM_3 < 1/2) ∧ ¬(UNIFORM_4 < 1/2) ∧ UNIFORM_5 < 1/2 ∧ false
	Observations: 
	Sigma: σ(u) = 0, σ(v) = -1, σ(x) = 0, σ(y) = 1
	Forced termination: Yes
Path 47:
	Path Condition: UNIFORM_0 < 1/2 ∧ UNIFORM_1 < 1/2 ∧ ¬(UNIFORM_2 < 1/2) ∧ UNIFORM_3 < 1/2 ∧ ¬(UNIFORM_4 < 1/2) ∧ ¬(UNIFORM_5 < 1/2) ∧ false
	Observations: 
	Sigma: σ(u) = -1, σ(v) = 0, σ(x) = 0, σ(y) = 0
	Forced termination: Yes
Path 48:
	Path Condition: UNIFORM_0 < 1/2 ∧ UNIFORM_1 < 1/2 ∧ UNIFORM_2 < 1/2 ∧ UNIFORM_3 < 1/2 ∧ UNIFORM_4 < 1/2 ∧ ¬(UNIFORM_5 < 1/2) ∧ false
	Observations: 
	Sigma: σ(u) = 1, σ(v) = 2, σ(x) = 1, σ(y) = 0
	Forced termination: Yes
Path 49:
	Path Condition: ¬(UNIFORM_0 < 1/2) ∧ ¬(UNIFORM_1 < 1/2) ∧ ¬(UNIFORM_2 < 1/2) ∧ UNIFORM_3 < 1/2 ∧ UNIFORM_4 < 1/2 ∧ ¬(UNIFORM_5 < 1/2) ∧ false
	Observations: 
	Sigma: σ(u) = 0, σ(v) = -1, σ(x) = 1, σ(y) = 0
	Forced termination: Yes
Path 50:
	Path Condition: UNIFORM_0 < 1/2 ∧ ¬(UNIFORM_1 < 1/2) ∧ UNIFORM_2 < 1/2 ∧ UNIFORM_3 < 1/2 ∧ ¬(UNIFORM_4 < 1/2) ∧ ¬(UNIFORM_5 < 1/2) ∧ false
	Observations: 
	Sigma: σ(u) = 1, σ(v) = 0, σ(x) = 0, σ(y) = 0
	Forced termination: Yes
Path 51:
	Path Condition: UNIFORM_0 < 1/2 ∧ ¬(UNIFORM_1 < 1/2) ∧ UNIFORM_2 < 1/2 ∧ ¬(UNIFORM_3 < 1/2) ∧ ¬(UNIFORM_4 < 1/2) ∧ ¬(UNIFORM_5 < 1/2) ∧ false
	Observations: 
	Sigma: σ(u) = 2, σ(v) = -1, σ(x) = 0, σ(y) = 0
	Forced termination: Yes
Path 52:
	Path Condition: ¬(UNIFORM_0 < 1/2) ∧ ¬(UNIFORM_1 < 1/2) ∧ ¬(UNIFORM_2 < 1/2) ∧ ¬(UNIFORM_3 < 1/2) ∧ ¬(UNIFORM_4 < 1/2) ∧ ¬(UNIFORM_5 < 1/2) ∧ false
	Observations: 
	Sigma: σ(u) = 0, σ(v) = -3, σ(x) = 0, σ(y) = 0
	Forced termination: Yes
Time: 0.60

